<?xml version="1.0" encoding="UTF-8"?>
<Site BuildName="(empty)"
	BuildStamp="20240326-1030-Experimental"
	Name="ema"
	Generator="ctest-3.22.1"
	CompilerName="/usr/bin/c++"
	CompilerVersion="11.4.0"
	OSName="Linux"
	Hostname="ema"
	OSRelease="6.5.0-26-generic"
	OSVersion="#26~22.04.1-Ubuntu SMP PREEMPT_DYNAMIC Tue Mar 12 10:22:43 UTC 2"
	OSPlatform="x86_64"
	Is64Bits="1"
	VendorString="GenuineIntel"
	VendorID="Intel Corporation"
	FamilyID="6"
	ModelID="165"
	ProcessorCacheSize="12288"
	NumberOfLogicalCPU="6"
	NumberOfPhysicalCPU="6"
	TotalVirtualMemory="2047"
	TotalPhysicalMemory="23888"
	LogicalProcessorsPerPhysical="1"
	ProcessorClockFrequency="2592.01"
	>
	<Testing>
		<StartDateTime>Mar 26 11:30 CET</StartDateTime>
		<StartTestTime>1711449020</StartTestTime>
		<TestList/>
		<EndDateTime>Mar 26 11:30 CET</EndDateTime>
		<EndTestTime>1711449020</EndTestTime>
		<ElapsedMinutes>0</ElapsedMinutes>
	</Testing>
</Site>
