<?xml version="1.0" encoding="UTF-8"?>
<Site BuildName="(empty)"
	BuildStamp="20240202-1522-Experimental"
	Name="ema"
	Generator="ctest-3.22.1"
	CompilerName="/usr/bin/c++"
	CompilerVersion="11.4.0"
	OSName="Linux"
	Hostname="ema"
	OSRelease="6.5.0-14-generic"
	OSVersion="#14~22.04.1-Ubuntu SMP PREEMPT_DYNAMIC Mon Nov 20 18:15:30 UTC 2"
	OSPlatform="x86_64"
	Is64Bits="1"
	VendorString="GenuineIntel"
	VendorID="Intel Corporation"
	FamilyID="6"
	ModelID="165"
	ProcessorCacheSize="12288"
	NumberOfLogicalCPU="6"
	NumberOfPhysicalCPU="6"
	TotalVirtualMemory="2047"
	TotalPhysicalMemory="23888"
	LogicalProcessorsPerPhysical="1"
	ProcessorClockFrequency="2592.01"
	>
	<Testing>
		<StartDateTime>Feb 02 16:22 CET</StartDateTime>
		<StartTestTime>1706887321</StartTestTime>
		<TestList/>
		<EndDateTime>Feb 02 16:22 CET</EndDateTime>
		<EndTestTime>1706887321</EndTestTime>
		<ElapsedMinutes>0</ElapsedMinutes>
	</Testing>
</Site>
