<?xml version="1.0" encoding="UTF-8"?>
<Site BuildName="(empty)"
	BuildStamp="20240210-1632-Experimental"
	Name="ema"
	Generator="ctest-3.22.1"
	CompilerName="/usr/bin/c++"
	CompilerVersion="11.4.0"
	OSName="Linux"
	Hostname="ema"
	OSRelease="6.5.0-17-generic"
	OSVersion="#17~22.04.1-Ubuntu SMP PREEMPT_DYNAMIC Tue Jan 16 14:32:32 UTC 2"
	OSPlatform="x86_64"
	Is64Bits="1"
	VendorString="GenuineIntel"
	VendorID="Intel Corporation"
	FamilyID="6"
	ModelID="165"
	ProcessorCacheSize="12288"
	NumberOfLogicalCPU="6"
	NumberOfPhysicalCPU="6"
	TotalVirtualMemory="2047"
	TotalPhysicalMemory="23888"
	LogicalProcessorsPerPhysical="1"
	ProcessorClockFrequency="2592.01"
	>
	<Testing>
		<StartDateTime>Feb 10 17:32 CET</StartDateTime>
		<StartTestTime>1707582767</StartTestTime>
		<TestList/>
		<EndDateTime>Feb 10 17:32 CET</EndDateTime>
		<EndTestTime>1707582767</EndTestTime>
		<ElapsedMinutes>0</ElapsedMinutes>
	</Testing>
</Site>
