<?xml version="1.0" encoding="UTF-8"?>
<Site BuildName="(empty)"
	BuildStamp="20240115-1005-Experimental"
	Name="ema"
	Generator="ctest-3.22.1"
	CompilerName="/usr/bin/c++"
	CompilerVersion="11.4.0"
	OSName="Linux"
	Hostname="ema"
	OSRelease="6.2.0-39-generic"
	OSVersion="#40~22.04.1-Ubuntu SMP PREEMPT_DYNAMIC Thu Nov 16 10:53:04 UTC 2"
	OSPlatform="x86_64"
	Is64Bits="1"
	VendorString="GenuineIntel"
	VendorID="Intel Corporation"
	FamilyID="6"
	ModelID="165"
	ProcessorCacheSize="12288"
	NumberOfLogicalCPU="6"
	NumberOfPhysicalCPU="6"
	TotalVirtualMemory="2047"
	TotalPhysicalMemory="23888"
	LogicalProcessorsPerPhysical="1"
	ProcessorClockFrequency="2592.01"
	>
	<Testing>
		<StartDateTime>Jan 15 11:05 CET</StartDateTime>
		<StartTestTime>1705313158</StartTestTime>
		<TestList/>
		<EndDateTime>Jan 15 11:05 CET</EndDateTime>
		<EndTestTime>1705313158</EndTestTime>
		<ElapsedMinutes>0</ElapsedMinutes>
	</Testing>
</Site>
